<?xml version="1.0" encoding="UTF-8"?>
<!-- Generated by org.testng.reporters.JUnitReportReporter -->
<testsuite skipped="0" hostname="Priyanka-QA" name="com.cpsat.qa.core.test.ShopperStopTest5" tests="4" failures="0" timestamp="09 Nov 2019 07:30:38 GMT" time="22.208" errors="0">
  <testcase name="assertCities" time="6.063" classname="com.cpsat.qa.core.test.ShopperStopTest5"/>
  <testcase name="printTitle" time="0.037" classname="com.cpsat.qa.core.test.ShopperStopTest5"/>
  <testcase name="getMenAccessories" time="6.022" classname="com.cpsat.qa.core.test.ShopperStopTest5"/>
  <testcase name="clickBanners" time="10.086" classname="com.cpsat.qa.core.test.ShopperStopTest5"/>
</testsuite> <!-- com.cpsat.qa.core.test.ShopperStopTest5 -->
