<?xml version="1.0" encoding="UTF-8"?>
<!-- Generated by org.testng.reporters.JUnitReportReporter -->
<testsuite skipped="0" hostname="Priyanka-QA" name="com.cpsat.qa.core.test.NSEIndiaTest4" tests="4" failures="0" timestamp="09 Nov 2019 08:06:44 GMT" time="37.590" errors="0">
  <testcase name="getValue1" time="12.321" classname="com.cpsat.qa.core.test.NSEIndiaTest4"/>
  <testcase name="getValue2" time="8.658" classname="com.cpsat.qa.core.test.NSEIndiaTest4"/>
  <testcase name="getValue3" time="8.430" classname="com.cpsat.qa.core.test.NSEIndiaTest4"/>
  <testcase name="getValue4" time="8.181" classname="com.cpsat.qa.core.test.NSEIndiaTest4"/>
</testsuite> <!-- com.cpsat.qa.core.test.NSEIndiaTest4 -->
