<?xml version="1.0" encoding="UTF-8"?>
<!-- Generated by org.testng.reporters.JUnitReportReporter -->
<testsuite skipped="0" hostname="Priyanka-QA" name="com.cpsat.qa.core.test.NSEIndiaTest6" tests="5" failures="0" timestamp="09 Nov 2019 07:41:34 GMT" time="29.785" errors="0">
  <testcase name="writeTableDataGainer" time="11.457" classname="com.cpsat.qa.core.test.NSEIndiaTest6"/>
  <testcase name="assertDateAndTime" time="1.327" classname="com.cpsat.qa.core.test.NSEIndiaTest6"/>
  <testcase name="checkLosersPercentage" time="0.915" classname="com.cpsat.qa.core.test.NSEIndiaTest6"/>
  <testcase name="writeTableDataLoser" time="15.455" classname="com.cpsat.qa.core.test.NSEIndiaTest6"/>
  <testcase name="checkGainerPercentage" time="0.631" classname="com.cpsat.qa.core.test.NSEIndiaTest6"/>
</testsuite> <!-- com.cpsat.qa.core.test.NSEIndiaTest6 -->
