<?xml version="1.0" encoding="UTF-8"?>
<!-- Generated by org.testng.reporters.JUnitReportReporter -->
<testsuite skipped="0" hostname="Priyanka-QA" name="com.cpsat.qa.core.test.MeriPustakTest" tests="1" failures="0" timestamp="24 Oct 2019 05:11:55 GMT" time="9.821" errors="0">
  <testcase name="printWidthHeight" time="9.821" classname="com.cpsat.qa.core.test.MeriPustakTest"/>
</testsuite> <!-- com.cpsat.qa.core.test.MeriPustakTest -->
