<?xml version="1.0" encoding="UTF-8"?>
<!-- Generated by org.testng.reporters.JUnitReportReporter -->
<testsuite skipped="0" hostname="Priyanka-QA" name="com.cpsat.qa.core.test.NSEIndiaTest2" tests="1" failures="0" timestamp="09 Nov 2019 08:19:18 GMT" time="0.240" errors="0">
  <testcase name="getNumbers" time="0.240" classname="com.cpsat.qa.core.test.NSEIndiaTest2"/>
</testsuite> <!-- com.cpsat.qa.core.test.NSEIndiaTest2 -->
