<?xml version="1.0" encoding="UTF-8"?>
<!-- Generated by org.testng.reporters.JUnitReportReporter -->
<testsuite skipped="0" hostname="Priyanka-QA" name="com.cpsat.qa.core.test.NSEIndiaTest3" tests="3" failures="0" timestamp="09 Nov 2019 08:14:41 GMT" time="15.591" errors="0">
  <testcase name="printValues" time="4.879" classname="com.cpsat.qa.core.test.NSEIndiaTest3"/>
  <testcase name="takeScreenShot" time="7.130" classname="com.cpsat.qa.core.test.NSEIndiaTest3"/>
  <testcase name="enterName" time="3.582" classname="com.cpsat.qa.core.test.NSEIndiaTest3"/>
</testsuite> <!-- com.cpsat.qa.core.test.NSEIndiaTest3 -->
